<?xml version="1.0" encoding="UTF-8"?>
<!-- Generated by org.testng.reporters.JUnitReportReporter -->
<testsuite skipped="0" hostname="Atins-MacBook-Pro.local" name="co.pragra.selboot.testscripts.HomePageTest" tests="1" failures="0" timestamp="15 Apr 2018 23:36:37 GMT" time="1.493" errors="0">
  <testcase name="testInputBoxWrite" time="1.493" classname="co.pragra.selboot.testscripts.HomePageTest"/>
</testsuite> <!-- co.pragra.selboot.testscripts.HomePageTest -->
