<?xml version="1.0" encoding="UTF-8"?>
<!-- Generated by org.testng.reporters.JUnitReportReporter -->
<testsuite skipped="4" hostname="Atins-MacBook-Pro.local" name="co.pragra.selboot.testscripts.TestClass" tests="4" failures="0" timestamp="28 Apr 2018 14:37:25 GMT" time="0.000" errors="0">
  <testcase name="testcase3" time="0.000" classname="co.pragra.selboot.testscripts.TestClass">
    <skipped/>
  </testcase> <!-- testcase3 -->
  <testcase name="testCase2" time="0.000" classname="co.pragra.selboot.testscripts.TestClass">
    <skipped/>
  </testcase> <!-- testCase2 -->
  <testcase name="testCase5" time="0.000" classname="co.pragra.selboot.testscripts.TestClass">
    <skipped/>
  </testcase> <!-- testCase5 -->
  <testcase name="testcase1" time="0.000" classname="co.pragra.selboot.testscripts.TestClass">
    <skipped/>
  </testcase> <!-- testcase1 -->
</testsuite> <!-- co.pragra.selboot.testscripts.TestClass -->
