<?xml version="1.0" encoding="UTF-8"?>
<!-- Generated by org.testng.reporters.JUnitReportReporter -->
<testsuite skipped="0" hostname="DHSENGAR01" name="co.pragra.selboot.testscripts.SelectTestClass" tests="1" failures="0" timestamp="18 Apr 2018 02:45:08 GMT" time="0.821" errors="0">
  <testcase name="testSelect" time="0.821" classname="co.pragra.selboot.testscripts.SelectTestClass"/>
</testsuite> <!-- co.pragra.selboot.testscripts.SelectTestClass -->
