<?xml version="1.0" encoding="UTF-8"?>
<!-- Generated by org.testng.reporters.JUnitReportReporter -->
<testsuite skipped="0" hostname="DHSENGAR01" name="co.pragra.selboot.testscripts.HomePageTest" tests="1" failures="0" timestamp="17 Apr 2018 02:44:04 GMT" time="3.493" errors="0">
  <testcase name="testInputBoxWrite" time="3.493" classname="co.pragra.selboot.testscripts.HomePageTest"/>
</testsuite> <!-- co.pragra.selboot.testscripts.HomePageTest -->
