<?xml version="1.0" encoding="UTF-8"?>
<!-- Generated by org.testng.reporters.JUnitReportReporter -->
<testsuite skipped="0" hostname="Atins-MacBook-Pro.local" name="co.pragra.selboot.testscripts.HomePageTest" tests="10" failures="0" timestamp="28 Apr 2018 17:11:51 GMT" time="2.133" errors="0">
  <testcase name="testCSVDriver" time="0.002" classname="co.pragra.selboot.testscripts.HomePageTest"/>
  <testcase name="test" time="0.002" classname="co.pragra.selboot.testscripts.HomePageTest"/>
  <testcase name="testAlert" time="1.577" classname="co.pragra.selboot.testscripts.HomePageTest"/>
  <testcase name="testtoCheckSize" time="0.002" classname="co.pragra.selboot.testscripts.HomePageTest"/>
  <testcase name="testSetup" time="0.537" classname="co.pragra.selboot.testscripts.HomePageTest"/>
  <testcase name="checkSlider" time="0.006" classname="co.pragra.selboot.testscripts.HomePageTest"/>
  <testcase name="testCSVDriver" time="0.001" classname="co.pragra.selboot.testscripts.HomePageTest"/>
  <testcase name="testInputBoxWrite" time="0.002" classname="co.pragra.selboot.testscripts.HomePageTest"/>
  <testcase name="testCSVDriver" time="0.003" classname="co.pragra.selboot.testscripts.HomePageTest"/>
  <testcase name="testCheckBox" time="0.001" classname="co.pragra.selboot.testscripts.HomePageTest"/>
</testsuite> <!-- co.pragra.selboot.testscripts.HomePageTest -->
