<?xml version="1.0" encoding="UTF-8"?>
<!-- Generated by org.testng.reporters.JUnitReportReporter -->
<testsuite skipped="0" hostname="DHSENGAR01" name="co.pragra.selboot.testscripts.TestClass" tests="1" failures="0" timestamp="13 Apr 2018 02:33:17 GMT" time="0.059" errors="0">
  <testcase name="testcase1" time="0.059" classname="co.pragra.selboot.testscripts.TestClass"/>
</testsuite> <!-- co.pragra.selboot.testscripts.TestClass -->
